<?xml version="1.0" encoding="UTF-8"?>
<testng-results ignored="0" total="0" passed="0" failed="0" skipped="0">
  <reporter-output>
  </reporter-output>
  <suite started-at="2021-06-19T20:04:03 IST" name="Default suite" finished-at="2021-06-19T20:04:04 IST" duration-ms="805">
    <groups>
      <group name="cucumber">
        <method signature="AbstractTestNGCucumberTests.feature(cucumber.api.testng.CucumberFeatureWrapper)[pri:0, instance:cucmberOptions.TestRunner@52af26ee]" name="feature" class="cucumber.api.testng.AbstractTestNGCucumberTests"/>
      </group> <!-- cucumber -->
    </groups>
    <test started-at="2021-06-19T20:04:03 IST" name="Default test" finished-at="2021-06-19T20:04:04 IST" duration-ms="805">
      <class name="cucmberOptions.TestRunner">
        <test-method is-config="true" signature="setUpClass()[pri:0, instance:cucmberOptions.TestRunner@52af26ee]" started-at="2021-06-19T20:04:03 IST" name="setUpClass" finished-at="2021-06-19T20:04:03 IST" duration-ms="294" status="PASS">
          <reporter-output>
          </reporter-output>
        </test-method> <!-- setUpClass -->
        <test-method is-config="true" signature="tearDownClass()[pri:0, instance:cucmberOptions.TestRunner@52af26ee]" started-at="2021-06-19T20:04:03 IST" name="tearDownClass" finished-at="2021-06-19T20:04:04 IST" duration-ms="383" status="PASS">
          <reporter-output>
          </reporter-output>
        </test-method> <!-- tearDownClass -->
      </class> <!-- cucmberOptions.TestRunner -->
    </test> <!-- Default test -->
  </suite> <!-- Default suite -->
</testng-results>
